{"/Users/akimball/dev/projects/tana/src/index.ts": {"path":"/Users/akimball/dev/projects/tana/src/index.ts","statementMap":{"0":{"start":{"line":7,"column":0},"end":{"line":7,"column":25}},"1":{"start":{"line":8,"column":0},"end":{"line":8,"column":40}},"2":{"start":{"line":9,"column":0},"end":{"line":9,"column":65}},"3":{"start":{"line":12,"column":2},"end":{"line":36,"column":3}},"4":{"start":{"line":14,"column":19},"end":{"line":14,"column":51}},"5":{"start":{"line":16,"column":4},"end":{"line":16,"column":58}},"6":{"start":{"line":17,"column":4},"end":{"line":17,"column":54}},"7":{"start":{"line":18,"column":4},"end":{"line":18,"column":77}},"8":{"start":{"line":19,"column":4},"end":{"line":19,"column":48}},"9":{"start":{"line":22,"column":4},"end":{"line":24,"column":5}},"10":{"start":{"line":23,"column":6},"end":{"line":23,"column":69}},"11":{"start":{"line":26,"column":4},"end":{"line":28,"column":5}},"12":{"start":{"line":27,"column":6},"end":{"line":27,"column":65}},"13":{"start":{"line":31,"column":24},"end":{"line":31,"column":56}},"14":{"start":{"line":32,"column":4},"end":{"line":32,"column":34}},"15":{"start":{"line":34,"column":4},"end":{"line":34,"column":60}},"16":{"start":{"line":35,"column":4},"end":{"line":35,"column":20}},"17":{"start":{"line":40,"column":0},"end":{"line":42,"column":1}},"18":{"start":{"line":41,"column":2},"end":{"line":41,"column":9}}},"fnMap":{"0":{"name":"main","decl":{"start":{"line":11,"column":15},"end":{"line":11,"column":19}},"loc":{"start":{"line":11,"column":19},"end":{"line":37,"column":1}}}},"branchMap":{"0":{"loc":{"start":{"line":18,"column":29},"end":{"line":18,"column":73}},"type":"binary-expr","locations":[{"start":{"line":18,"column":29},"end":{"line":18,"column":44}},{"start":{"line":18,"column":48},"end":{"line":18,"column":73}}]},"1":{"loc":{"start":{"line":22,"column":4},"end":{"line":24,"column":5}},"type":"if","locations":[{"start":{"line":22,"column":4},"end":{"line":24,"column":5}}]},"2":{"loc":{"start":{"line":26,"column":4},"end":{"line":28,"column":5}},"type":"if","locations":[{"start":{"line":26,"column":4},"end":{"line":28,"column":5}}]},"3":{"loc":{"start":{"line":26,"column":8},"end":{"line":26,"column":58}},"type":"binary-expr","locations":[{"start":{"line":26,"column":8},"end":{"line":26,"column":23}},{"start":{"line":26,"column":27},"end":{"line":26,"column":58}}]},"4":{"loc":{"start":{"line":34,"column":28},"end":{"line":34,"column":58}},"type":"binary-expr","locations":[{"start":{"line":34,"column":28},"end":{"line":34,"column":41}},{"start":{"line":34,"column":45},"end":{"line":34,"column":58}}]},"5":{"loc":{"start":{"line":40,"column":0},"end":{"line":42,"column":1}},"type":"if","locations":[{"start":{"line":40,"column":0},"end":{"line":42,"column":1}}]}},"s":{"0":1,"1":1,"2":1,"3":0,"4":0,"5":0,"6":0,"7":0,"8":0,"9":0,"10":0,"11":0,"12":0,"13":0,"14":0,"15":0,"16":0,"17":1,"18":0},"f":{"0":0},"b":{"0":[0,0],"1":[0],"2":[0],"3":[0,0],"4":[0,0],"5":[0]}}
,"/Users/akimball/dev/projects/tana/src/transformer/instance-builder.ts": {"path":"/Users/akimball/dev/projects/tana/src/transformer/instance-builder.ts","statementMap":{"0":{"start":{"line":18,"column":4},"end":{"line":18,"column":14}},"1":{"start":{"line":8,"column":0},"end":{"line":8,"column":13}}},"fnMap":{"0":{"name":"(anonymous_0)","decl":{"start":{"line":12,"column":2},"end":{"line":12,"column":16}},"loc":{"start":{"line":12,"column":53},"end":{"line":19,"column":3}}}},"branchMap":{},"s":{"0":1,"1":2},"f":{"0":1},"b":{}}
,"/Users/akimball/dev/projects/tana/src/transformer/schema-builder.ts": {"path":"/Users/akimball/dev/projects/tana/src/transformer/schema-builder.ts","statementMap":{"0":{"start":{"line":5,"column":0},"end":{"line":5,"column":44}},"1":{"start":{"line":6,"column":0},"end":{"line":6,"column":68}},"2":{"start":{"line":7,"column":0},"end":{"line":7,"column":38}},"3":{"start":{"line":18,"column":50},"end":{"line":18,"column":52}},"4":{"start":{"line":21,"column":19},"end":{"line":25,"column":null}},"5":{"start":{"line":28,"column":4},"end":{"line":52,"column":5}},"6":{"start":{"line":29,"column":24},"end":{"line":29,"column":41}},"7":{"start":{"line":32,"column":17},"end":{"line":32,"column":87}},"8":{"start":{"line":35,"column":6},"end":{"line":37,"column":7}},"9":{"start":{"line":36,"column":8},"end":{"line":36,"column":89}},"10":{"start":{"line":40,"column":6},"end":{"line":43,"column":7}},"11":{"start":{"line":41,"column":8},"end":{"line":41,"column":72}},"12":{"start":{"line":42,"column":8},"end":{"line":42,"column":17}},"13":{"start":{"line":46,"column":49},"end":{"line":49,"column":8}},"14":{"start":{"line":51,"column":6},"end":{"line":51,"column":31}},"15":{"start":{"line":54,"column":4},"end":{"line":54,"column":21}},"16":{"start":{"line":61,"column":4},"end":{"line":61,"column":32}},"17":{"start":{"line":72,"column":18},"end":{"line":76,"column":null}},"18":{"start":{"line":79,"column":4},"end":{"line":81,"column":5}},"19":{"start":{"line":80,"column":6},"end":{"line":80,"column":18}},"20":{"start":{"line":83,"column":4},"end":{"line":83,"column":33}},"21":{"start":{"line":9,"column":0},"end":{"line":9,"column":13}}},"fnMap":{"0":{"name":"(anonymous_0)","decl":{"start":{"line":13,"column":2},"end":{"line":13,"column":13}},"loc":{"start":{"line":13,"column":32},"end":{"line":55,"column":3}}},"1":{"name":"(anonymous_1)","decl":{"start":{"line":60,"column":10},"end":{"line":60,"column":19}},"loc":{"start":{"line":60,"column":33},"end":{"line":62,"column":3}}},"2":{"name":"(anonymous_2)","decl":{"start":{"line":67,"column":10},"end":{"line":67,"column":27}},"loc":{"start":{"line":70,"column":24},"end":{"line":84,"column":3}}}},"branchMap":{"0":{"loc":{"start":{"line":35,"column":6},"end":{"line":37,"column":7}},"type":"if","locations":[{"start":{"line":35,"column":6},"end":{"line":37,"column":7}}]},"1":{"loc":{"start":{"line":40,"column":6},"end":{"line":43,"column":7}},"type":"if","locations":[{"start":{"line":40,"column":6},"end":{"line":43,"column":7}}]},"2":{"loc":{"start":{"line":79,"column":4},"end":{"line":81,"column":5}},"type":"if","locations":[{"start":{"line":79,"column":4},"end":{"line":81,"column":5}}]}},"s":{"0":3,"1":3,"2":3,"3":9,"4":9,"5":9,"6":9,"7":9,"8":9,"9":3,"10":9,"11":2,"12":2,"13":7,"14":7,"15":9,"16":30,"17":12,"18":12,"19":5,"20":7,"21":3},"f":{"0":9,"1":30,"2":12},"b":{"0":[3],"1":[2],"2":[5]}}
,"/Users/akimball/dev/projects/tana/src/transformer/transformer.ts": {"path":"/Users/akimball/dev/projects/tana/src/transformer/transformer.ts","statementMap":{"0":{"start":{"line":5,"column":0},"end":{"line":5,"column":34}},"1":{"start":{"line":6,"column":0},"end":{"line":6,"column":35}},"2":{"start":{"line":8,"column":0},"end":{"line":8,"column":49}},"3":{"start":{"line":9,"column":0},"end":{"line":9,"column":53}},"4":{"start":{"line":14,"column":10},"end":{"line":14,"column":41}},"5":{"start":{"line":19,"column":4},"end":{"line":19,"column":25}},"6":{"start":{"line":20,"column":4},"end":{"line":20,"column":35}},"7":{"start":{"line":21,"column":4},"end":{"line":21,"column":45}},"8":{"start":{"line":22,"column":4},"end":{"line":22,"column":49}},"9":{"start":{"line":29,"column":23},"end":{"line":29,"column":73}},"10":{"start":{"line":30,"column":4},"end":{"line":30,"column":58}},"11":{"start":{"line":32,"column":4},"end":{"line":36,"column":5}},"12":{"start":{"line":33,"column":23},"end":{"line":33,"column":71}},"13":{"start":{"line":34,"column":6},"end":{"line":34,"column":35}},"14":{"start":{"line":35,"column":6},"end":{"line":35,"column":56}},"15":{"start":{"line":38,"column":4},"end":{"line":43,"column":5}},"16":{"start":{"line":39,"column":6},"end":{"line":39,"column":78}},"17":{"start":{"line":40,"column":6},"end":{"line":42,"column":7}},"18":{"start":{"line":41,"column":8},"end":{"line":41,"column":76}},"19":{"start":{"line":50,"column":4},"end":{"line":66,"column":7}},"20":{"start":{"line":51,"column":21},"end":{"line":51,"column":58}},"21":{"start":{"line":53,"column":6},"end":{"line":65,"column":9}},"22":{"start":{"line":54,"column":8},"end":{"line":57,"column":9}},"23":{"start":{"line":55,"column":10},"end":{"line":55,"column":24}},"24":{"start":{"line":56,"column":10},"end":{"line":56,"column":17}},"25":{"start":{"line":59,"column":8},"end":{"line":64,"column":9}},"26":{"start":{"line":60,"column":10},"end":{"line":60,"column":26}},"27":{"start":{"line":63,"column":10},"end":{"line":63,"column":20}},"28":{"start":{"line":73,"column":4},"end":{"line":120,"column":5}},"29":{"start":{"line":74,"column":6},"end":{"line":74,"column":30}},"30":{"start":{"line":77,"column":47},"end":{"line":89,"column":8}},"31":{"start":{"line":92,"column":6},"end":{"line":92,"column":78}},"32":{"start":{"line":95,"column":6},"end":{"line":105,"column":7}},"33":{"start":{"line":96,"column":8},"end":{"line":99,"column":10}},"34":{"start":{"line":102,"column":8},"end":{"line":102,"column":64}},"35":{"start":{"line":103,"column":8},"end":{"line":103,"column":67}},"36":{"start":{"line":108,"column":6},"end":{"line":111,"column":8}},"37":{"start":{"line":113,"column":6},"end":{"line":116,"column":7}},"38":{"start":{"line":114,"column":8},"end":{"line":114,"column":90}},"39":{"start":{"line":115,"column":8},"end":{"line":115,"column":111}},"40":{"start":{"line":118,"column":6},"end":{"line":118,"column":59}},"41":{"start":{"line":119,"column":6},"end":{"line":119,"column":18}},"42":{"start":{"line":11,"column":0},"end":{"line":11,"column":13}}},"fnMap":{"0":{"name":"(anonymous_9)","decl":{"start":{"line":18,"column":2},"end":{"line":18,"column":14}},"loc":{"start":{"line":18,"column":39},"end":{"line":23,"column":3}}},"1":{"name":"(anonymous_10)","decl":{"start":{"line":28,"column":2},"end":{"line":28,"column":7}},"loc":{"start":{"line":28,"column":18},"end":{"line":44,"column":3}}},"2":{"name":"(anonymous_11)","decl":{"start":{"line":49,"column":10},"end":{"line":49,"column":15}},"loc":{"start":{"line":49,"column":58},"end":{"line":67,"column":3}}},"3":{"name":"(anonymous_12)","decl":{"start":{"line":50,"column":23},"end":{"line":50,"column":24}},"loc":{"start":{"line":50,"column":43},"end":{"line":66,"column":5}}},"4":{"name":"(anonymous_13)","decl":{"start":{"line":53,"column":28},"end":{"line":53,"column":29}},"loc":{"start":{"line":53,"column":54},"end":{"line":65,"column":7}}},"5":{"name":"(anonymous_14)","decl":{"start":{"line":72,"column":2},"end":{"line":72,"column":7}},"loc":{"start":{"line":72,"column":17},"end":{"line":121,"column":3}}}},"branchMap":{"0":{"loc":{"start":{"line":32,"column":4},"end":{"line":36,"column":5}},"type":"if","locations":[{"start":{"line":32,"column":4},"end":{"line":36,"column":5}}]},"1":{"loc":{"start":{"line":38,"column":4},"end":{"line":43,"column":5}},"type":"if","locations":[{"start":{"line":38,"column":4},"end":{"line":43,"column":5}}]},"2":{"loc":{"start":{"line":40,"column":6},"end":{"line":42,"column":7}},"type":"if","locations":[{"start":{"line":40,"column":6},"end":{"line":42,"column":7}}]},"3":{"loc":{"start":{"line":54,"column":8},"end":{"line":57,"column":9}},"type":"if","locations":[{"start":{"line":54,"column":8},"end":{"line":57,"column":9}}]},"4":{"loc":{"start":{"line":59,"column":8},"end":{"line":64,"column":9}},"type":"if","locations":[{"start":{"line":59,"column":8},"end":{"line":64,"column":9}},{"start":{"line":61,"column":15},"end":{"line":64,"column":9}}]},"5":{"loc":{"start":{"line":95,"column":6},"end":{"line":105,"column":7}},"type":"if","locations":[{"start":{"line":95,"column":6},"end":{"line":105,"column":7}}]},"6":{"loc":{"start":{"line":95,"column":10},"end":{"line":95,"column":51}},"type":"binary-expr","locations":[{"start":{"line":95,"column":10},"end":{"line":95,"column":33}},{"start":{"line":95,"column":37},"end":{"line":95,"column":51}}]},"7":{"loc":{"start":{"line":113,"column":6},"end":{"line":116,"column":7}},"type":"if","locations":[{"start":{"line":113,"column":6},"end":{"line":116,"column":7}}]}},"s":{"0":2,"1":2,"2":2,"3":2,"4":5,"5":5,"6":5,"7":5,"8":5,"9":5,"10":5,"11":4,"12":1,"13":1,"14":1,"15":4,"16":0,"17":0,"18":0,"19":6,"20":6,"21":6,"22":15,"23":1,"24":1,"25":14,"26":9,"27":5,"28":5,"29":5,"30":4,"31":4,"32":4,"33":1,"34":1,"35":1,"36":4,"37":4,"38":0,"39":0,"40":1,"41":1,"42":2},"f":{"0":5,"1":5,"2":6,"3":6,"4":15,"5":5},"b":{"0":[1],"1":[0],"2":[0],"3":[1],"4":[9,5],"5":[1],"6":[4,2],"7":[0]}}
,"/Users/akimball/dev/projects/tana/src/transformer/types.ts": {"path":"/Users/akimball/dev/projects/tana/src/transformer/types.ts","statementMap":{"0":{"start":{"line":16,"column":0},"end":{"line":16,"column":30}},"1":{"start":{"line":17,"column":9},"end":{"line":17,"column":12}},"2":{"start":{"line":36,"column":13},"end":{"line":42,"column":2}}},"fnMap":{},"branchMap":{},"s":{"0":3,"1":3,"2":3},"f":{},"b":{}}
,"/Users/akimball/dev/projects/tana/src/transformer/utils.ts": {"path":"/Users/akimball/dev/projects/tana/src/transformer/utils.ts","statementMap":{"0":{"start":{"line":11,"column":0},"end":{"line":11,"column":16}},"1":{"start":{"line":24,"column":0},"end":{"line":24,"column":16}},"2":{"start":{"line":5,"column":0},"end":{"line":5,"column":36}},"3":{"start":{"line":13,"column":15},"end":{"line":13,"column":60}},"4":{"start":{"line":16,"column":2},"end":{"line":18,"column":37}},"5":{"start":{"line":26,"column":16},"end":{"line":26,"column":42}},"6":{"start":{"line":27,"column":2},"end":{"line":27,"column":32}}},"fnMap":{"0":{"name":"generateUid","decl":{"start":{"line":11,"column":16},"end":{"line":11,"column":27}},"loc":{"start":{"line":11,"column":41},"end":{"line":19,"column":1}}},"1":{"name":"getLocalName","decl":{"start":{"line":24,"column":16},"end":{"line":24,"column":28}},"loc":{"start":{"line":24,"column":40},"end":{"line":28,"column":1}}}},"branchMap":{"0":{"loc":{"start":{"line":27,"column":9},"end":{"line":27,"column":31}},"type":"cond-expr","locations":[{"start":{"line":27,"column":17},"end":{"line":27,"column":25}},{"start":{"line":27,"column":28},"end":{"line":27,"column":31}}]}},"s":{"0":4,"1":4,"2":4,"3":12,"4":12,"5":4,"6":4},"f":{"0":12,"1":4},"b":{"0":[3,1]}}
,"/Users/akimball/dev/projects/tana/src/utils/cli.ts": {"path":"/Users/akimball/dev/projects/tana/src/utils/cli.ts","statementMap":{"0":{"start":{"line":13,"column":0},"end":{"line":13,"column":16}},"1":{"start":{"line":14,"column":36},"end":{"line":17,"column":4}},"2":{"start":{"line":19,"column":2},"end":{"line":43,"column":3}},"3":{"start":{"line":19,"column":15},"end":{"line":19,"column":16}},"4":{"start":{"line":20,"column":16},"end":{"line":20,"column":23}},"5":{"start":{"line":22,"column":4},"end":{"line":42,"column":5}},"6":{"start":{"line":24,"column":8},"end":{"line":24,"column":38}},"7":{"start":{"line":25,"column":8},"end":{"line":25,"column":14}},"8":{"start":{"line":27,"column":8},"end":{"line":27,"column":36}},"9":{"start":{"line":28,"column":8},"end":{"line":28,"column":14}},"10":{"start":{"line":30,"column":8},"end":{"line":30,"column":38}},"11":{"start":{"line":31,"column":8},"end":{"line":31,"column":14}},"12":{"start":{"line":33,"column":8},"end":{"line":33,"column":33}},"13":{"start":{"line":34,"column":8},"end":{"line":34,"column":14}},"14":{"start":{"line":36,"column":8},"end":{"line":36,"column":30}},"15":{"start":{"line":37,"column":8},"end":{"line":37,"column":14}},"16":{"start":{"line":39,"column":8},"end":{"line":39,"column":20}},"17":{"start":{"line":40,"column":8},"end":{"line":40,"column":24}},"18":{"start":{"line":41,"column":8},"end":{"line":41,"column":14}},"19":{"start":{"line":46,"column":2},"end":{"line":48,"column":3}},"20":{"start":{"line":47,"column":4},"end":{"line":47,"column":59}},"21":{"start":{"line":50,"column":2},"end":{"line":52,"column":3}},"22":{"start":{"line":51,"column":4},"end":{"line":51,"column":97}},"23":{"start":{"line":54,"column":2},"end":{"line":54,"column":16}},"24":{"start":{"line":61,"column":2},"end":{"line":81,"column":5}}},"fnMap":{"0":{"name":"parseArgs","decl":{"start":{"line":13,"column":16},"end":{"line":13,"column":25}},"loc":{"start":{"line":13,"column":40},"end":{"line":55,"column":1}}},"1":{"name":"printHelp","decl":{"start":{"line":60,"column":9},"end":{"line":60,"column":18}},"loc":{"start":{"line":60,"column":18},"end":{"line":82,"column":1}}}},"branchMap":{"0":{"loc":{"start":{"line":22,"column":4},"end":{"line":42,"column":5}},"type":"switch","locations":[{"start":{"line":23,"column":6},"end":{"line":25,"column":14}},{"start":{"line":26,"column":6},"end":{"line":28,"column":14}},{"start":{"line":29,"column":6},"end":{"line":31,"column":14}},{"start":{"line":32,"column":6},"end":{"line":34,"column":14}},{"start":{"line":35,"column":6},"end":{"line":37,"column":14}},{"start":{"line":38,"column":6},"end":{"line":41,"column":14}}]},"1":{"loc":{"start":{"line":46,"column":2},"end":{"line":48,"column":3}},"type":"if","locations":[{"start":{"line":46,"column":2},"end":{"line":48,"column":3}}]},"2":{"loc":{"start":{"line":50,"column":2},"end":{"line":52,"column":3}},"type":"if","locations":[{"start":{"line":50,"column":2},"end":{"line":52,"column":3}}]},"3":{"loc":{"start":{"line":50,"column":6},"end":{"line":50,"column":44}},"type":"binary-expr","locations":[{"start":{"line":50,"column":6},"end":{"line":50,"column":24}},{"start":{"line":50,"column":28},"end":{"line":50,"column":44}}]}},"s":{"0":2,"1":5,"2":5,"3":5,"4":9,"5":9,"6":4,"7":4,"8":2,"9":2,"10":1,"11":1,"12":1,"13":1,"14":1,"15":1,"16":0,"17":0,"18":0,"19":5,"20":1,"21":4,"22":1,"23":3,"24":0},"f":{"0":5,"1":0},"b":{"0":[4,2,1,1,1,0],"1":[1],"2":[1],"3":[4,3]}}
}
