TN:
SF:src/index.ts
FN:11,main
FNF:1
FNH:0
FNDA:0,main
DA:7,1
DA:8,1
DA:9,1
DA:12,0
DA:14,0
DA:16,0
DA:17,0
DA:18,0
DA:19,0
DA:22,0
DA:23,0
DA:26,0
DA:27,0
DA:31,0
DA:32,0
DA:34,0
DA:35,0
DA:40,1
DA:41,0
LF:19
LH:4
BRDA:18,0,0,0
BRDA:18,0,1,0
BRDA:22,1,0,0
BRDA:26,2,0,0
BRDA:26,3,0,0
BRDA:26,3,1,0
BRDA:34,4,0,0
BRDA:34,4,1,0
BRDA:40,5,0,0
BRF:9
BRH:0
end_of_record
TN:
SF:src/transformer/instance-builder.ts
FN:12,(anonymous_0)
FNF:1
FNH:1
FNDA:1,(anonymous_0)
DA:8,2
DA:18,1
LF:2
LH:2
BRF:0
BRH:0
end_of_record
TN:
SF:src/transformer/schema-builder.ts
FN:13,(anonymous_0)
FN:60,(anonymous_1)
FN:67,(anonymous_2)
FNF:3
FNH:3
FNDA:9,(anonymous_0)
FNDA:30,(anonymous_1)
FNDA:12,(anonymous_2)
DA:5,3
DA:6,3
DA:7,3
DA:9,3
DA:18,9
DA:21,9
DA:28,9
DA:29,9
DA:32,9
DA:35,9
DA:36,3
DA:40,9
DA:41,2
DA:42,2
DA:46,7
DA:51,7
DA:54,9
DA:61,30
DA:72,12
DA:79,12
DA:80,5
DA:83,7
LF:22
LH:22
BRDA:35,0,0,3
BRDA:40,1,0,2
BRDA:79,2,0,5
BRF:3
BRH:3
end_of_record
TN:
SF:src/transformer/transformer.ts
FN:18,(anonymous_9)
FN:28,(anonymous_10)
FN:49,(anonymous_11)
FN:50,(anonymous_12)
FN:53,(anonymous_13)
FN:72,(anonymous_14)
FNF:6
FNH:6
FNDA:5,(anonymous_9)
FNDA:5,(anonymous_10)
FNDA:6,(anonymous_11)
FNDA:6,(anonymous_12)
FNDA:15,(anonymous_13)
FNDA:5,(anonymous_14)
DA:5,2
DA:6,2
DA:8,2
DA:9,2
DA:11,2
DA:14,5
DA:19,5
DA:20,5
DA:21,5
DA:22,5
DA:29,5
DA:30,5
DA:32,4
DA:33,1
DA:34,1
DA:35,1
DA:38,4
DA:39,0
DA:40,0
DA:41,0
DA:50,6
DA:51,6
DA:53,6
DA:54,15
DA:55,1
DA:56,1
DA:59,14
DA:60,9
DA:63,5
DA:73,5
DA:74,5
DA:77,4
DA:92,4
DA:95,4
DA:96,1
DA:102,1
DA:103,1
DA:108,4
DA:113,4
DA:114,0
DA:115,0
DA:118,1
DA:119,1
LF:43
LH:38
BRDA:32,0,0,1
BRDA:38,1,0,0
BRDA:40,2,0,0
BRDA:54,3,0,1
BRDA:59,4,0,9
BRDA:59,4,1,5
BRDA:95,5,0,1
BRDA:95,6,0,4
BRDA:95,6,1,2
BRDA:113,7,0,0
BRF:10
BRH:7
end_of_record
TN:
SF:src/transformer/types.ts
FNF:0
FNH:0
DA:16,3
DA:17,3
DA:36,3
LF:3
LH:3
BRF:0
BRH:0
end_of_record
TN:
SF:src/transformer/utils.ts
FN:11,generateUid
FN:24,getLocalName
FNF:2
FNH:2
FNDA:12,generateUid
FNDA:4,getLocalName
DA:5,4
DA:11,4
DA:13,12
DA:16,12
DA:24,4
DA:26,4
DA:27,4
LF:7
LH:7
BRDA:27,0,0,3
BRDA:27,0,1,1
BRF:2
BRH:2
end_of_record
TN:
SF:src/utils/cli.ts
FN:13,parseArgs
FN:60,printHelp
FNF:2
FNH:1
FNDA:5,parseArgs
FNDA:0,printHelp
DA:13,2
DA:14,5
DA:19,5
DA:20,9
DA:22,9
DA:24,4
DA:25,4
DA:27,2
DA:28,2
DA:30,1
DA:31,1
DA:33,1
DA:34,1
DA:36,1
DA:37,1
DA:39,0
DA:40,0
DA:41,0
DA:46,5
DA:47,1
DA:50,4
DA:51,1
DA:54,3
DA:61,0
LF:24
LH:20
BRDA:22,0,0,4
BRDA:22,0,1,2
BRDA:22,0,2,1
BRDA:22,0,3,1
BRDA:22,0,4,1
BRDA:22,0,5,0
BRDA:46,1,0,1
BRDA:50,2,0,1
BRDA:50,3,0,4
BRDA:50,3,1,3
BRF:10
BRH:9
end_of_record
